[0.234s] Invoking command in '/home/rsa/colcon_ws/build/wall_follower': CMAKE_PREFIX_PATH=${CMAKE_PREFIX_PATH}:/home/rsa/colcon_ws/install/cv_basics:/opt/ros/foxy /usr/bin/cmake --build /home/rsa/colcon_ws/build/wall_follower -- -j16 -l16
[0.267s] -- Found ament_cmake: 0.9.9 (/opt/ros/foxy/share/ament_cmake/cmake)
[0.305s] -- Using PYTHON_EXECUTABLE: /usr/bin/python3
[0.458s] -- Override CMake install command with custom implementation using symlinks instead of copying resources
[0.484s] -- Found geometry_msgs: 2.0.5 (/opt/ros/foxy/share/geometry_msgs/cmake)
[0.523s] -- Using all available rosidl_typesupport_c: rosidl_typesupport_fastrtps_c;rosidl_typesupport_introspection_c
[0.529s] -- Found rosidl_adapter: 1.2.1 (/opt/ros/foxy/share/rosidl_adapter/cmake)
[0.683s] -- Using all available rosidl_typesupport_cpp: rosidl_typesupport_fastrtps_cpp;rosidl_typesupport_introspection_cpp
[0.787s] -- Found nav_msgs: 2.0.5 (/opt/ros/foxy/share/nav_msgs/cmake)
[0.855s] -- Found rclcpp: 2.4.1 (/opt/ros/foxy/share/rclcpp/cmake)
[0.923s] -- Found rmw_implementation_cmake: 1.0.3 (/opt/ros/foxy/share/rmw_implementation_cmake/cmake)
[0.926s] -- Using RMW implementation 'rmw_fastrtps_cpp' as default
[1.076s] -- Found sensor_msgs: 2.0.5 (/opt/ros/foxy/share/sensor_msgs/cmake)
[1.139s] -- Found tf2: 0.13.13 (/opt/ros/foxy/share/tf2/cmake)
[1.214s] -- Configuring done
[1.226s] -- Generating done
[1.227s] -- Build files have been written to: /home/rsa/colcon_ws/build/wall_follower
[1.253s] [35m[1mScanning dependencies of target wall_follower[0m
[1.282s] [ 66%] [32mBuilding CXX object CMakeFiles/wall_follower.dir/src/wall_follower.cpp.o[0m
[1.282s] [ 66%] [32mBuilding CXX object CMakeFiles/wall_follower.dir/src/circle_model.cpp.o[0m
[1.303s] [01m[K/home/rsa/colcon_ws/src/wall_follower/src/circle_model.cpp:1:10:[m[K [01;31m[Kfatal error: [m[Kcircle_model.hpp: No such file or directory
[1.304s]     1 | #include [01;31m[K"circle_model.hpp"[m[K
[1.304s]       |          [01;31m[K^~~~~~~~~~~~~~~~~~[m[K
[1.304s] compilation terminated.
[1.304s] make[2]: *** [CMakeFiles/wall_follower.dir/build.make:76: CMakeFiles/wall_follower.dir/src/circle_model.cpp.o] Error 1
[1.304s] make[2]: *** Waiting for unfinished jobs....
[1.371s] In file included from [01m[K/home/rsa/colcon_ws/src/wall_follower/src/wall_follower.cpp:21[m[K:
[1.372s] [01m[K/home/rsa/colcon_ws/src/wall_follower/include/wall_follower/circle_model.hpp:11:10:[m[K [01;31m[Kfatal error: [m[KEigen/Dense: No such file or directory
[1.372s]    11 | #include [01;31m[K<Eigen/Dense>[m[K
[1.372s]       |          [01;31m[K^~~~~~~~~~~~~[m[K
[1.372s] compilation terminated.
[1.375s] make[2]: *** [CMakeFiles/wall_follower.dir/build.make:63: CMakeFiles/wall_follower.dir/src/wall_follower.cpp.o] Error 1
[1.376s] make[1]: *** [CMakeFiles/Makefile2:78: CMakeFiles/wall_follower.dir/all] Error 2
[1.376s] make: *** [Makefile:141: all] Error 2
[1.381s] Invoked command in '/home/rsa/colcon_ws/build/wall_follower' returned '2': CMAKE_PREFIX_PATH=${CMAKE_PREFIX_PATH}:/home/rsa/colcon_ws/install/cv_basics:/opt/ros/foxy /usr/bin/cmake --build /home/rsa/colcon_ws/build/wall_follower -- -j16 -l16
