[0.222s] Invoking command in '/home/rsa/colcon_ws/build/wall_follower': CMAKE_PREFIX_PATH=${CMAKE_PREFIX_PATH}:/home/rsa/colcon_ws/install/cv_basics:/opt/ros/foxy /usr/bin/cmake --build /home/rsa/colcon_ws/build/wall_follower -- -j16 -l16
[0.270s] [35m[1mScanning dependencies of target wall_follower[0m
[0.299s] [ 33%] [32mBuilding CXX object CMakeFiles/wall_follower.dir/src/circle_model.cpp.o[0m
[0.300s] [ 66%] [32mBuilding CXX object CMakeFiles/wall_follower.dir/src/wall_follower.cpp.o[0m
[0.321s] [01m[K/home/rsa/colcon_ws/src/wall_follower/src/circle_model.cpp:1:10:[m[K [01;31m[Kfatal error: [m[Kcircle_model.hpp: No such file or directory
[0.321s]     1 | #include [01;31m[K"circle_model.hpp"[m[K
[0.321s]       |          [01;31m[K^~~~~~~~~~~~~~~~~~[m[K
[0.321s] compilation terminated.
[0.321s] make[2]: *** [CMakeFiles/wall_follower.dir/build.make:76: CMakeFiles/wall_follower.dir/src/circle_model.cpp.o] Error 1
[0.321s] make[2]: *** Waiting for unfinished jobs....
[6.862s] make[1]: *** [CMakeFiles/Makefile2:78: CMakeFiles/wall_follower.dir/all] Error 2
[6.862s] make: *** [Makefile:141: all] Error 2
[6.866s] Invoked command in '/home/rsa/colcon_ws/build/wall_follower' returned '2': CMAKE_PREFIX_PATH=${CMAKE_PREFIX_PATH}:/home/rsa/colcon_ws/install/cv_basics:/opt/ros/foxy /usr/bin/cmake --build /home/rsa/colcon_ws/build/wall_follower -- -j16 -l16
